Database: /Users/advai/crypto-bot/trend_bot.db
Feeds configured: 3
Items processed: 46
Items inserted: 0
Database: /Users/advai/crypto-bot/trend_bot.db
Feeds configured: 3
Items processed: 46
Items inserted: 0
Database: /Users/advai/crypto-bot/trend_bot.db
Feeds configured: 3
Items processed: 46
Items inserted: 0
Database: /Users/advai/crypto-bot/trend_bot.db
Feeds configured: 3
Items processed: 46
Items inserted: 0
Database: /Users/advai/crypto-bot/trend_bot.db
Feeds configured: 3
Items processed: 46
Items inserted: 0
Database: /Users/advai/crypto-bot/trend_bot.db
Feeds configured: 3
Items processed: 46
Items inserted: 0
Database: /Users/advai/crypto-bot/trend_bot.db
Feeds configured: 3
Items processed: 46
Items inserted: 0
Database: /Users/advai/crypto-bot/trend_bot.db
Feeds configured: 3
Items processed: 46
Items inserted: 0
Database: /Users/advai/crypto-bot/trend_bot.db
Feeds configured: 3
Items processed: 46
Items inserted: 0
Database: /Users/advai/crypto-bot/trend_bot.db
Feeds configured: 3
Items processed: 46
Items inserted: 0
Database: /Users/advai/crypto-bot/trend_bot.db
Feeds configured: 3
Items processed: 46
Items inserted: 0
Database: /Users/advai/crypto-bot/trend_bot.db
Feeds configured: 3
Items processed: 46
Items inserted: 0
Database: /Users/advai/crypto-bot/trend_bot.db
Feeds configured: 3
Items processed: 46
Items inserted: 0
Database: /Users/advai/crypto-bot/trend_bot.db
Feeds configured: 3
Items processed: 46
Items inserted: 0
Database: /Users/advai/crypto-bot/trend_bot.db
Feeds configured: 3
Items processed: 46
Items inserted: 0
Database: /Users/advai/crypto-bot/trend_bot.db
Feeds configured: 3
Items processed: 46
Items inserted: 0
Database: /Users/advai/crypto-bot/trend_bot.db
Feeds configured: 3
Items processed: 46
Items inserted: 0
Database: /Users/advai/crypto-bot/trend_bot.db
Feeds configured: 3
Items processed: 46
Items inserted: 0
Database: /Users/advai/crypto-bot/trend_bot.db
Feeds configured: 3
Items processed: 46
Items inserted: 0
Database: /Users/advai/crypto-bot/trend_bot.db
Feeds configured: 3
Items processed: 46
Items inserted: 0
Database: /Users/advai/crypto-bot/trend_bot.db
Feeds configured: 3
Items processed: 46
Items inserted: 0
Database: /Users/advai/crypto-bot/trend_bot.db
Feeds configured: 3
Items processed: 46
Items inserted: 0
Database: /Users/advai/crypto-bot/trend_bot.db
Feeds configured: 3
Items processed: 0
Items inserted: 0
Database: /Users/advai/crypto-bot/trend_bot.db
Feeds configured: 3
News cutoff: 2026-03-19T22:10:45+00:00
Items processed: 0
Items inserted: 0
Database: /Users/advai/crypto-bot/trend_bot.db
Feeds configured: 3
News cutoff: 2026-03-19T22:10:45+00:00
Items processed: 0
Items inserted: 0
Database: /Users/advai/crypto-bot/trend_bot.db
Feeds configured: 3
News cutoff: 2026-03-19T22:10:45+00:00
Items processed: 1
Items inserted: 1
Database: /Users/advai/crypto-bot/trend_bot.db
Feeds configured: 3
News cutoff: 2026-03-20T05:05:54+00:00
Items processed: 0
Items inserted: 0
Database: /Users/advai/crypto-bot/trend_bot.db
Feeds configured: 3
News cutoff: 2026-03-20T05:05:54+00:00
Items processed: 0
Items inserted: 0
Database: /Users/advai/crypto-bot/trend_bot.db
Feeds configured: 3
News cutoff: 2026-03-20T05:05:54+00:00
Items processed: 1
Items inserted: 1
Database: /Users/advai/crypto-bot/trend_bot.db
Feeds configured: 3
News cutoff: 2026-03-20T05:43:42+00:00
Items processed: 0
Items inserted: 0
Database: /Users/advai/crypto-bot/trend_bot.db
Feeds configured: 3
News cutoff: 2026-03-20T05:43:42+00:00
Items processed: 0
Items inserted: 0
Database: /Users/advai/crypto-bot/trend_bot.db
Feeds configured: 3
News cutoff: 2026-03-20T05:43:42+00:00
Items processed: 0
Items inserted: 0
Database: /Users/advai/crypto-bot/trend_bot.db
Feeds configured: 3
News cutoff: 2026-03-20T05:43:42+00:00
Items processed: 0
Items inserted: 0
Database: /Users/advai/crypto-bot/trend_bot.db
Feeds configured: 3
News cutoff: 2026-03-20T05:43:42+00:00
Items processed: 0
Items inserted: 0
Database: /Users/advai/crypto-bot/trend_bot.db
Feeds configured: 3
News cutoff: 2026-03-20T05:43:42+00:00
Items processed: 1
Items inserted: 1
Database: /Users/advai/crypto-bot/trend_bot.db
Feeds configured: 3
News cutoff: 2026-03-20T07:14:42+00:00
Items processed: 0
Items inserted: 0
Database: /Users/advai/crypto-bot/trend_bot.db
Feeds configured: 3
News cutoff: 2026-03-20T07:14:42+00:00
Items processed: 0
Items inserted: 0
Database: /Users/advai/crypto-bot/trend_bot.db
Feeds configured: 3
News cutoff: 2026-03-20T07:14:42+00:00
Items processed: 0
Items inserted: 0
Database: /Users/advai/crypto-bot/trend_bot.db
Feeds configured: 3
News cutoff: 2026-03-20T07:14:42+00:00
Items processed: 0
Items inserted: 0
Database: /Users/advai/crypto-bot/trend_bot.db
Feeds configured: 3
News cutoff: 2026-03-20T07:14:42+00:00
Items processed: 0
Items inserted: 0
Database: /Users/advai/crypto-bot/trend_bot.db
Feeds configured: 3
News cutoff: 2026-03-20T07:14:42+00:00
Items processed: 1
Items inserted: 1
Database: /Users/advai/crypto-bot/trend_bot.db
Feeds configured: 3
News cutoff: 2026-03-20T08:48:22+00:00
Items processed: 0
Items inserted: 0
Database: /Users/advai/crypto-bot/trend_bot.db
Feeds configured: 3
News cutoff: 2026-03-20T08:48:22+00:00
Items processed: 0
Items inserted: 0
Database: /Users/advai/crypto-bot/trend_bot.db
Feeds configured: 3
News cutoff: 2026-03-20T08:48:22+00:00
Items processed: 0
Items inserted: 0
Database: /Users/advai/crypto-bot/trend_bot.db
Feeds configured: 3
News cutoff: 2026-03-20T08:48:22+00:00
Items processed: 0
Items inserted: 0
Database: /Users/advai/crypto-bot/trend_bot.db
Feeds configured: 3
News cutoff: 2026-03-20T08:48:22+00:00
Items processed: 0
Items inserted: 0
Database: /Users/advai/crypto-bot/trend_bot.db
Feeds configured: 3
News cutoff: 2026-03-20T08:48:22+00:00
Items processed: 0
Items inserted: 0
Database: /Users/advai/crypto-bot/trend_bot.db
Feeds configured: 3
News cutoff: 2026-03-20T08:48:22+00:00
Items processed: 0
Items inserted: 0
Database: /Users/advai/crypto-bot/trend_bot.db
Feeds configured: 3
News cutoff: 2026-03-20T08:48:22+00:00
Items processed: 1
Items inserted: 1
Database: /Users/advai/crypto-bot/trend_bot.db
Feeds configured: 3
News cutoff: 2026-03-20T10:49:32+00:00
Items processed: 0
Items inserted: 0
Database: /Users/advai/crypto-bot/trend_bot.db
Feeds configured: 3
News cutoff: 2026-03-20T10:49:32+00:00
Items processed: 0
Items inserted: 0
Database: /Users/advai/crypto-bot/trend_bot.db
Feeds configured: 3
News cutoff: 2026-03-20T10:49:32+00:00
Items processed: 0
Items inserted: 0
Database: /Users/advai/crypto-bot/trend_bot.db
Feeds configured: 3
News cutoff: 2026-03-20T10:49:32+00:00
Items processed: 1
Items inserted: 1
